<?xml version="1.0" encoding="UTF-8"?>
<robot generator="Robot 5.0.1 (Python 3.9.1 on win32)" generated="20221009 17:57:10.321" rpa="false" schemaversion="3">
<suite id="s1" name="Test" source="C:\Users\LENOVO\robot framework\test.robot">
<test id="s1-t1" name="TC01 Uppercase String" line="8">
<kw name="Check Uppercase">
<arg>${text}</arg>
<kw name="Convert To Upper Case" library="String">
<var>${str}</var>
<arg>${path}</arg>
<doc>Converts string to upper case.</doc>
<msg timestamp="20221009 17:57:10.386" level="INFO">${str} = HELLO WORLD</msg>
<status status="PASS" starttime="20221009 17:57:10.386" endtime="20221009 17:57:10.386"/>
</kw>
<kw name="Should Be Equal" library="BuiltIn">
<arg>${str}</arg>
<arg>HELLO WORLD</arg>
<doc>Fails if the given objects are unequal.</doc>
<status status="PASS" starttime="20221009 17:57:10.386" endtime="20221009 17:57:10.386"/>
</kw>
<status status="PASS" starttime="20221009 17:57:10.385" endtime="20221009 17:57:10.386"/>
</kw>
<status status="PASS" starttime="20221009 17:57:10.368" endtime="20221009 17:57:10.387"/>
</test>
<status status="PASS" starttime="20221009 17:57:10.321" endtime="20221009 17:57:10.387"/>
</suite>
<statistics>
<total>
<stat pass="1" fail="0" skip="0">All Tests</stat>
</total>
<tag>
</tag>
<suite>
<stat pass="1" fail="0" skip="0" id="s1" name="Test">Test</stat>
</suite>
</statistics>
<errors>
</errors>
</robot>
